<?xml version="1.0" encoding="UTF-8"?>
<!-- Generated by org.testng.reporters.JUnitReportReporter -->
<testsuite hostname="DESKTOP-2VU3J8C" failures="0" tests="1" name="frontendCreation.CreateFrontend" time="11.580" errors="0" timestamp="2021-09-09T13:31:02 IST" skipped="0">
  <testcase classname="frontendCreation.CreateFrontend" name="test" time="11.580"/>
  <system-out>
    <![CDATA[Logged IN
Logged out]]>
  </system-out>
</testsuite> <!-- frontendCreation.CreateFrontend -->
